<?xml version="1.0" encoding="UTF-8"?>
<testsuite xmlns:xsi="http://www.w3.org/2001/XMLSchema-instance" xsi:noNamespaceSchemaLocation="https://maven.apache.org/surefire/maven-surefire-plugin/xsd/surefire-test-report.xsd" version="3.0.2" name="com.example.MyResourceTest" time="85.378" tests="3" errors="0" skipped="0" failures="0">
  <properties>
    <property name="java.specification.version" value="17"/>
    <property name="sun.cpu.isalist" value="amd64"/>
    <property name="sun.jnu.encoding" value="Cp1252"/>
    <property name="java.class.path" value="D:\FIAP\1TDSY\Java\simple-service\target\test-classes;D:\FIAP\1TDSY\Java\simple-service\target\classes;C:\Users\Usuário\.m2\repository\org\glassfish\jersey\containers\jersey-container-grizzly2-http\3.1.9\jersey-container-grizzly2-http-3.1.9.jar;C:\Users\Usuário\.m2\repository\jakarta\inject\jakarta.inject-api\2.0.1\jakarta.inject-api-2.0.1.jar;C:\Users\Usuário\.m2\repository\org\glassfish\grizzly\grizzly-http-server\4.0.2\grizzly-http-server-4.0.2.jar;C:\Users\Usuário\.m2\repository\org\glassfish\grizzly\grizzly-http\4.0.2\grizzly-http-4.0.2.jar;C:\Users\Usuário\.m2\repository\org\glassfish\grizzly\grizzly-framework\4.0.2\grizzly-framework-4.0.2.jar;C:\Users\Usuário\.m2\repository\org\glassfish\jersey\core\jersey-common\3.1.9\jersey-common-3.1.9.jar;C:\Users\Usuário\.m2\repository\jakarta\annotation\jakarta.annotation-api\2.1.1\jakarta.annotation-api-2.1.1.jar;C:\Users\Usuário\.m2\repository\org\glassfish\hk2\osgi-resource-locator\1.0.3\osgi-resource-locator-1.0.3.jar;C:\Users\Usuário\.m2\repository\org\glassfish\jersey\core\jersey-server\3.1.9\jersey-server-3.1.9.jar;C:\Users\Usuário\.m2\repository\jakarta\validation\jakarta.validation-api\3.0.2\jakarta.validation-api-3.0.2.jar;C:\Users\Usuário\.m2\repository\jakarta\ws\rs\jakarta.ws.rs-api\3.1.0\jakarta.ws.rs-api-3.1.0.jar;C:\Users\Usuário\.m2\repository\org\glassfish\jersey\inject\jersey-hk2\3.1.9\jersey-hk2-3.1.9.jar;C:\Users\Usuário\.m2\repository\org\glassfish\hk2\hk2-locator\3.0.6\hk2-locator-3.0.6.jar;C:\Users\Usuário\.m2\repository\org\glassfish\hk2\external\aopalliance-repackaged\3.0.6\aopalliance-repackaged-3.0.6.jar;C:\Users\Usuário\.m2\repository\org\glassfish\hk2\hk2-api\3.0.6\hk2-api-3.0.6.jar;C:\Users\Usuário\.m2\repository\org\glassfish\hk2\hk2-utils\3.0.6\hk2-utils-3.0.6.jar;C:\Users\Usuário\.m2\repository\org\javassist\javassist\3.30.2-GA\javassist-3.30.2-GA.jar;C:\Users\Usuário\.m2\repository\org\glassfish\jersey\media\jersey-media-json-jackson\3.1.9\jersey-media-json-jackson-3.1.9.jar;C:\Users\Usuário\.m2\repository\org\glassfish\jersey\ext\jersey-entity-filtering\3.1.9\jersey-entity-filtering-3.1.9.jar;C:\Users\Usuário\.m2\repository\com\fasterxml\jackson\core\jackson-annotations\2.17.2\jackson-annotations-2.17.2.jar;C:\Users\Usuário\.m2\repository\com\fasterxml\jackson\core\jackson-databind\2.17.2\jackson-databind-2.17.2.jar;C:\Users\Usuário\.m2\repository\com\fasterxml\jackson\core\jackson-core\2.17.2\jackson-core-2.17.2.jar;C:\Users\Usuário\.m2\repository\com\fasterxml\jackson\module\jackson-module-jakarta-xmlbind-annotations\2.17.2\jackson-module-jakarta-xmlbind-annotations-2.17.2.jar;C:\Users\Usuário\.m2\repository\org\glassfish\jersey\core\jersey-client\3.1.9\jersey-client-3.1.9.jar;C:\Users\Usuário\.m2\repository\org\junit\jupiter\junit-jupiter\5.11.0\junit-jupiter-5.11.0.jar;C:\Users\Usuário\.m2\repository\org\junit\jupiter\junit-jupiter-api\5.11.0\junit-jupiter-api-5.11.0.jar;C:\Users\Usuário\.m2\repository\org\opentest4j\opentest4j\1.3.0\opentest4j-1.3.0.jar;C:\Users\Usuário\.m2\repository\org\junit\platform\junit-platform-commons\1.11.0\junit-platform-commons-1.11.0.jar;C:\Users\Usuário\.m2\repository\org\apiguardian\apiguardian-api\1.1.2\apiguardian-api-1.1.2.jar;C:\Users\Usuário\.m2\repository\org\junit\jupiter\junit-jupiter-params\5.11.0\junit-jupiter-params-5.11.0.jar;C:\Users\Usuário\.m2\repository\org\junit\jupiter\junit-jupiter-engine\5.11.0\junit-jupiter-engine-5.11.0.jar;C:\Users\Usuário\.m2\repository\org\junit\platform\junit-platform-engine\1.11.0\junit-platform-engine-1.11.0.jar;C:\Users\Usuário\.m2\repository\com\squareup\okhttp3\okhttp\4.12.0\okhttp-4.12.0.jar;C:\Users\Usuário\.m2\repository\com\squareup\okio\okio\3.6.0\okio-3.6.0.jar;C:\Users\Usuário\.m2\repository\com\squareup\okio\okio-jvm\3.6.0\okio-jvm-3.6.0.jar;C:\Users\Usuário\.m2\repository\org\jetbrains\kotlin\kotlin-stdlib-common\1.9.10\kotlin-stdlib-common-1.9.10.jar;C:\Users\Usuário\.m2\repository\org\jetbrains\kotlin\kotlin-stdlib-jdk8\1.8.21\kotlin-stdlib-jdk8-1.8.21.jar;C:\Users\Usuário\.m2\repository\org\jetbrains\kotlin\kotlin-stdlib\1.8.21\kotlin-stdlib-1.8.21.jar;C:\Users\Usuário\.m2\repository\org\jetbrains\annotations\13.0\annotations-13.0.jar;C:\Users\Usuário\.m2\repository\org\jetbrains\kotlin\kotlin-stdlib-jdk7\1.8.21\kotlin-stdlib-jdk7-1.8.21.jar;C:\Users\Usuário\.m2\repository\com\google\code\gson\gson\2.11.0\gson-2.11.0.jar;C:\Users\Usuário\.m2\repository\com\google\errorprone\error_prone_annotations\2.27.0\error_prone_annotations-2.27.0.jar;C:\Users\Usuário\.m2\repository\com\oracle\database\jdbc\ojdbc11\23.5.0.24.07\ojdbc11-23.5.0.24.07.jar;C:\Users\Usuário\.m2\repository\jakarta\xml\bind\jakarta.xml.bind-api\4.0.2\jakarta.xml.bind-api-4.0.2.jar;C:\Users\Usuário\.m2\repository\jakarta\activation\jakarta.activation-api\2.1.1\jakarta.activation-api-2.1.1.jar;C:\Users\Usuário\.m2\repository\org\glassfish\jaxb\jaxb-runtime\4.0.5\jaxb-runtime-4.0.5.jar;C:\Users\Usuário\.m2\repository\org\glassfish\jaxb\jaxb-core\4.0.5\jaxb-core-4.0.5.jar;C:\Users\Usuário\.m2\repository\org\eclipse\angus\angus-activation\2.0.2\angus-activation-2.0.2.jar;C:\Users\Usuário\.m2\repository\org\glassfish\jaxb\txw2\4.0.5\txw2-4.0.5.jar;C:\Users\Usuário\.m2\repository\com\sun\istack\istack-commons-runtime\4.1.2\istack-commons-runtime-4.1.2.jar;"/>
    <property name="java.vm.vendor" value="Azul Systems, Inc."/>
    <property name="sun.arch.data.model" value="64"/>
    <property name="user.variant" value=""/>
    <property name="java.vendor.url" value="http://www.azul.com/"/>
    <property name="user.timezone" value="America/Sao_Paulo"/>
    <property name="os.name" value="Windows 11"/>
    <property name="java.vm.specification.version" value="17"/>
    <property name="sun.java.launcher" value="SUN_STANDARD"/>
    <property name="user.country" value="BR"/>
    <property name="sun.boot.library.path" value="C:\Java\zulu17.44.15\bin"/>
    <property name="sun.java.command" value="C:\Users\Usuário\AppData\Local\Temp\surefire2183486881030604933\surefirebooter-20241114164827221_3.jar C:\Users\Usuário\AppData\Local\Temp\surefire2183486881030604933 2024-11-14T16-48-27_051-jvmRun1 surefire-20241114164827221_1tmp surefire_0-20241114164827221_2tmp"/>
    <property name="jdk.debug" value="release"/>
    <property name="surefire.test.class.path" value="D:\FIAP\1TDSY\Java\simple-service\target\test-classes;D:\FIAP\1TDSY\Java\simple-service\target\classes;C:\Users\Usuário\.m2\repository\org\glassfish\jersey\containers\jersey-container-grizzly2-http\3.1.9\jersey-container-grizzly2-http-3.1.9.jar;C:\Users\Usuário\.m2\repository\jakarta\inject\jakarta.inject-api\2.0.1\jakarta.inject-api-2.0.1.jar;C:\Users\Usuário\.m2\repository\org\glassfish\grizzly\grizzly-http-server\4.0.2\grizzly-http-server-4.0.2.jar;C:\Users\Usuário\.m2\repository\org\glassfish\grizzly\grizzly-http\4.0.2\grizzly-http-4.0.2.jar;C:\Users\Usuário\.m2\repository\org\glassfish\grizzly\grizzly-framework\4.0.2\grizzly-framework-4.0.2.jar;C:\Users\Usuário\.m2\repository\org\glassfish\jersey\core\jersey-common\3.1.9\jersey-common-3.1.9.jar;C:\Users\Usuário\.m2\repository\jakarta\annotation\jakarta.annotation-api\2.1.1\jakarta.annotation-api-2.1.1.jar;C:\Users\Usuário\.m2\repository\org\glassfish\hk2\osgi-resource-locator\1.0.3\osgi-resource-locator-1.0.3.jar;C:\Users\Usuário\.m2\repository\org\glassfish\jersey\core\jersey-server\3.1.9\jersey-server-3.1.9.jar;C:\Users\Usuário\.m2\repository\jakarta\validation\jakarta.validation-api\3.0.2\jakarta.validation-api-3.0.2.jar;C:\Users\Usuário\.m2\repository\jakarta\ws\rs\jakarta.ws.rs-api\3.1.0\jakarta.ws.rs-api-3.1.0.jar;C:\Users\Usuário\.m2\repository\org\glassfish\jersey\inject\jersey-hk2\3.1.9\jersey-hk2-3.1.9.jar;C:\Users\Usuário\.m2\repository\org\glassfish\hk2\hk2-locator\3.0.6\hk2-locator-3.0.6.jar;C:\Users\Usuário\.m2\repository\org\glassfish\hk2\external\aopalliance-repackaged\3.0.6\aopalliance-repackaged-3.0.6.jar;C:\Users\Usuário\.m2\repository\org\glassfish\hk2\hk2-api\3.0.6\hk2-api-3.0.6.jar;C:\Users\Usuário\.m2\repository\org\glassfish\hk2\hk2-utils\3.0.6\hk2-utils-3.0.6.jar;C:\Users\Usuário\.m2\repository\org\javassist\javassist\3.30.2-GA\javassist-3.30.2-GA.jar;C:\Users\Usuário\.m2\repository\org\glassfish\jersey\media\jersey-media-json-jackson\3.1.9\jersey-media-json-jackson-3.1.9.jar;C:\Users\Usuário\.m2\repository\org\glassfish\jersey\ext\jersey-entity-filtering\3.1.9\jersey-entity-filtering-3.1.9.jar;C:\Users\Usuário\.m2\repository\com\fasterxml\jackson\core\jackson-annotations\2.17.2\jackson-annotations-2.17.2.jar;C:\Users\Usuário\.m2\repository\com\fasterxml\jackson\core\jackson-databind\2.17.2\jackson-databind-2.17.2.jar;C:\Users\Usuário\.m2\repository\com\fasterxml\jackson\core\jackson-core\2.17.2\jackson-core-2.17.2.jar;C:\Users\Usuário\.m2\repository\com\fasterxml\jackson\module\jackson-module-jakarta-xmlbind-annotations\2.17.2\jackson-module-jakarta-xmlbind-annotations-2.17.2.jar;C:\Users\Usuário\.m2\repository\org\glassfish\jersey\core\jersey-client\3.1.9\jersey-client-3.1.9.jar;C:\Users\Usuário\.m2\repository\org\junit\jupiter\junit-jupiter\5.11.0\junit-jupiter-5.11.0.jar;C:\Users\Usuário\.m2\repository\org\junit\jupiter\junit-jupiter-api\5.11.0\junit-jupiter-api-5.11.0.jar;C:\Users\Usuário\.m2\repository\org\opentest4j\opentest4j\1.3.0\opentest4j-1.3.0.jar;C:\Users\Usuário\.m2\repository\org\junit\platform\junit-platform-commons\1.11.0\junit-platform-commons-1.11.0.jar;C:\Users\Usuário\.m2\repository\org\apiguardian\apiguardian-api\1.1.2\apiguardian-api-1.1.2.jar;C:\Users\Usuário\.m2\repository\org\junit\jupiter\junit-jupiter-params\5.11.0\junit-jupiter-params-5.11.0.jar;C:\Users\Usuário\.m2\repository\org\junit\jupiter\junit-jupiter-engine\5.11.0\junit-jupiter-engine-5.11.0.jar;C:\Users\Usuário\.m2\repository\org\junit\platform\junit-platform-engine\1.11.0\junit-platform-engine-1.11.0.jar;C:\Users\Usuário\.m2\repository\com\squareup\okhttp3\okhttp\4.12.0\okhttp-4.12.0.jar;C:\Users\Usuário\.m2\repository\com\squareup\okio\okio\3.6.0\okio-3.6.0.jar;C:\Users\Usuário\.m2\repository\com\squareup\okio\okio-jvm\3.6.0\okio-jvm-3.6.0.jar;C:\Users\Usuário\.m2\repository\org\jetbrains\kotlin\kotlin-stdlib-common\1.9.10\kotlin-stdlib-common-1.9.10.jar;C:\Users\Usuário\.m2\repository\org\jetbrains\kotlin\kotlin-stdlib-jdk8\1.8.21\kotlin-stdlib-jdk8-1.8.21.jar;C:\Users\Usuário\.m2\repository\org\jetbrains\kotlin\kotlin-stdlib\1.8.21\kotlin-stdlib-1.8.21.jar;C:\Users\Usuário\.m2\repository\org\jetbrains\annotations\13.0\annotations-13.0.jar;C:\Users\Usuário\.m2\repository\org\jetbrains\kotlin\kotlin-stdlib-jdk7\1.8.21\kotlin-stdlib-jdk7-1.8.21.jar;C:\Users\Usuário\.m2\repository\com\google\code\gson\gson\2.11.0\gson-2.11.0.jar;C:\Users\Usuário\.m2\repository\com\google\errorprone\error_prone_annotations\2.27.0\error_prone_annotations-2.27.0.jar;C:\Users\Usuário\.m2\repository\com\oracle\database\jdbc\ojdbc11\23.5.0.24.07\ojdbc11-23.5.0.24.07.jar;C:\Users\Usuário\.m2\repository\jakarta\xml\bind\jakarta.xml.bind-api\4.0.2\jakarta.xml.bind-api-4.0.2.jar;C:\Users\Usuário\.m2\repository\jakarta\activation\jakarta.activation-api\2.1.1\jakarta.activation-api-2.1.1.jar;C:\Users\Usuário\.m2\repository\org\glassfish\jaxb\jaxb-runtime\4.0.5\jaxb-runtime-4.0.5.jar;C:\Users\Usuário\.m2\repository\org\glassfish\jaxb\jaxb-core\4.0.5\jaxb-core-4.0.5.jar;C:\Users\Usuário\.m2\repository\org\eclipse\angus\angus-activation\2.0.2\angus-activation-2.0.2.jar;C:\Users\Usuário\.m2\repository\org\glassfish\jaxb\txw2\4.0.5\txw2-4.0.5.jar;C:\Users\Usuário\.m2\repository\com\sun\istack\istack-commons-runtime\4.1.2\istack-commons-runtime-4.1.2.jar;"/>
    <property name="sun.cpu.endian" value="little"/>
    <property name="user.home" value="C:\Users\Usuário"/>
    <property name="user.language" value="pt"/>
    <property name="java.specification.vendor" value="Oracle Corporation"/>
    <property name="java.version.date" value="2023-07-18"/>
    <property name="java.home" value="C:\Java\zulu17.44.15"/>
    <property name="file.separator" value="\"/>
    <property name="basedir" value="D:\FIAP\1TDSY\Java\simple-service"/>
    <property name="java.vm.compressedOopsMode" value="Zero based"/>
    <property name="line.separator" value="&#10;"/>
    <property name="java.vm.specification.vendor" value="Oracle Corporation"/>
    <property name="java.specification.name" value="Java Platform API Specification"/>
    <property name="surefire.real.class.path" value="C:\Users\Usuário\AppData\Local\Temp\surefire2183486881030604933\surefirebooter-20241114164827221_3.jar"/>
    <property name="user.script" value=""/>
    <property name="sun.management.compiler" value="HotSpot 64-Bit Tiered Compilers"/>
    <property name="java.runtime.version" value="17.0.8+7-LTS"/>
    <property name="user.name" value="Usuário"/>
    <property name="path.separator" value=";"/>
    <property name="os.version" value="10.0"/>
    <property name="java.runtime.name" value="OpenJDK Runtime Environment"/>
    <property name="file.encoding" value="Cp1252"/>
    <property name="java.vm.name" value="OpenJDK 64-Bit Server VM"/>
    <property name="java.vendor.version" value="Zulu17.44+15-CA"/>
    <property name="localRepository" value="C:\Users\Usuário\.m2\repository"/>
    <property name="java.vendor.url.bug" value="http://www.azul.com/support/"/>
    <property name="java.io.tmpdir" value="C:\Users\USURIO~1\AppData\Local\Temp\"/>
    <property name="java.version" value="17.0.8"/>
    <property name="user.dir" value="D:\FIAP\1TDSY\Java\simple-service"/>
    <property name="os.arch" value="amd64"/>
    <property name="java.vm.specification.name" value="Java Virtual Machine Specification"/>
    <property name="sun.os.patch.level" value=""/>
    <property name="native.encoding" value="Cp1252"/>
    <property name="java.library.path" value="C:\Java\zulu17.44.15\bin;C:\WINDOWS\Sun\Java\bin;C:\WINDOWS\system32;C:\WINDOWS;C:\WINDOWS\system32;C:\WINDOWS;C:\WINDOWS\System32\Wbem;C:\WINDOWS\System32\WindowsPowerShell\v1.0\;C:\WINDOWS\System32\OpenSSH\;C:\Program Files\NVIDIA Corporation\NVIDIA NvDLISR;C:\Java\zulu17.44.15\bin;C:\Program Files (x86)\NVIDIA Corporation\PhysX\Common;C:\ProgramData\chocolatey\bin;C:\Program Files\nodejs\;D:\instantclient_23_5;C:\WINDOWS\system32;C:\WINDOWS;C:\WINDOWS\System32\Wbem;C:\WINDOWS\System32\WindowsPowerShell\v1.0\;C:\WINDOWS\System32\OpenSSH\;C:\Program Files\Git\cmd;C:\Users\Usuário\AppData\Local\Programs\Python\Python313\Scripts\;C:\Users\Usuário\AppData\Local\Programs\Python\Python313\;C:\Users\Usuário\.console-ninja\.bin;C:\Users\Usuário\AppData\Local\Microsoft\WindowsApps;D:\Microsoft VS Code\bin;C:\Users\UsuÃ¡rio\AppData\Local\Microsoft\WinGet\Packages\Schniz.fnm_Microsoft.Winget.Source_8wekyb3d8bbwe;C:\Users\Usuário\AppData\Roaming\npm;C:\Users\Usuário\AppData\Local\Microsoft\WindowsApps;C:\apache-maven-3.9.9\bin;;."/>
    <property name="java.vm.info" value="mixed mode, sharing"/>
    <property name="java.vendor" value="Azul Systems, Inc."/>
    <property name="java.vm.version" value="17.0.8+7-LTS"/>
    <property name="sun.io.unicode.encoding" value="UnicodeLittle"/>
    <property name="java.class.version" value="61.0"/>
  </properties>
  <testcase name="testGetIt" classname="com.example.MyResourceTest" time="0.794">
    <system-err><![CDATA[nov. 14, 2024 4:48:28 PM org.glassfish.grizzly.http.server.NetworkListener start
INFORMAÇÕES: Started listener bound to [localhost:8080]
nov. 14, 2024 4:48:28 PM org.glassfish.grizzly.http.server.HttpServer start
INFORMAÇÕES: [HttpServer] Started.
nov. 14, 2024 4:48:28 PM org.glassfish.grizzly.http.server.NetworkListener shutdownNow
INFORMAÇÕES: Stopped listener bound to [localhost:8080]
]]></system-err>
  </testcase>
  <testcase name="testCreateProjeto" classname="com.example.MyResourceTest" time="0.123">
    <system-err><![CDATA[nov. 14, 2024 4:48:28 PM org.glassfish.grizzly.http.server.NetworkListener start
INFORMAÇÕES: Started listener bound to [localhost:8080]
nov. 14, 2024 4:48:28 PM org.glassfish.grizzly.http.server.HttpServer start
INFORMAÇÕES: [HttpServer-1] Started.
nov. 14, 2024 4:48:28 PM org.glassfish.grizzly.http.server.NetworkListener shutdownNow
INFORMAÇÕES: Stopped listener bound to [localhost:8080]
]]></system-err>
  </testcase>
  <testcase name="testListarProjetos" classname="com.example.MyResourceTest" time="84.441">
    <system-err><![CDATA[nov. 14, 2024 4:48:28 PM org.glassfish.grizzly.http.server.NetworkListener start
INFORMAÇÕES: Started listener bound to [localhost:8080]
nov. 14, 2024 4:48:28 PM org.glassfish.grizzly.http.server.HttpServer start
INFORMAÇÕES: [HttpServer-2] Started.
java.sql.SQLException: ORA-12541: Não é possível estabelecer conexão. Não há listener em host fiap.com.br port 1521. (CONNECTION_ID=6z6bKXOTQ4WNLOhwYIAIPg==)
https://docs.oracle.com/error-help/db/ora-12541/
	at oracle.jdbc.driver.T4CConnection.handleLogonNetException(T4CConnection.java:1617)
	at oracle.jdbc.driver.T4CConnection.logon(T4CConnection.java:1139)
	at oracle.jdbc.driver.PhysicalConnection.connect(PhysicalConnection.java:1206)
	at oracle.jdbc.driver.T4CDriverExtension.getConnection(T4CDriverExtension.java:105)
	at oracle.jdbc.driver.OracleDriver.connect(OracleDriver.java:886)
	at oracle.jdbc.driver.OracleDriver.connect(OracleDriver.java:693)
	at java.sql/java.sql.DriverManager.getConnection(DriverManager.java:681)
	at java.sql/java.sql.DriverManager.getConnection(DriverManager.java:229)
	at com.example.Controller.ConnectionFactory.getConnection(ConnectionFactory.java:13)
	at com.example.Infra.ProjetoDAO.listarProjetos(ProjetoDAO.java:17)
	at com.example.Model.ProjetoBO.listarProjetos(ProjetoBO.java:10)
	at com.example.Controller.ProjetoResource.listarProjetos(ProjetoResource.java:18)
	at java.base/jdk.internal.reflect.NativeMethodAccessorImpl.invoke0(Native Method)
	at java.base/jdk.internal.reflect.NativeMethodAccessorImpl.invoke(NativeMethodAccessorImpl.java:77)
	at java.base/jdk.internal.reflect.DelegatingMethodAccessorImpl.invoke(DelegatingMethodAccessorImpl.java:43)
	at java.base/java.lang.reflect.Method.invoke(Method.java:568)
	at org.glassfish.jersey.server.model.internal.ResourceMethodInvocationHandlerFactory.lambda$static$0(ResourceMethodInvocationHandlerFactory.java:52)
	at org.glassfish.jersey.server.model.internal.AbstractJavaResourceMethodDispatcher$1.run(AbstractJavaResourceMethodDispatcher.java:146)
	at org.glassfish.jersey.server.model.internal.AbstractJavaResourceMethodDispatcher.invoke(AbstractJavaResourceMethodDispatcher.java:189)
	at org.glassfish.jersey.server.model.internal.JavaResourceMethodDispatcherProvider$ResponseOutInvoker.doDispatch(JavaResourceMethodDispatcherProvider.java:176)
	at org.glassfish.jersey.server.model.internal.AbstractJavaResourceMethodDispatcher.dispatch(AbstractJavaResourceMethodDispatcher.java:93)
	at org.glassfish.jersey.server.model.ResourceMethodInvoker.invoke(ResourceMethodInvoker.java:478)
	at org.glassfish.jersey.server.model.ResourceMethodInvoker.apply(ResourceMethodInvoker.java:400)
	at org.glassfish.jersey.server.model.ResourceMethodInvoker.apply(ResourceMethodInvoker.java:81)
	at org.glassfish.jersey.server.ServerRuntime$1.run(ServerRuntime.java:274)
	at org.glassfish.jersey.internal.Errors$1.call(Errors.java:248)
	at org.glassfish.jersey.internal.Errors$1.call(Errors.java:244)
	at org.glassfish.jersey.internal.Errors.process(Errors.java:292)
	at org.glassfish.jersey.internal.Errors.process(Errors.java:274)
	at org.glassfish.jersey.internal.Errors.process(Errors.java:244)
	at org.glassfish.jersey.process.internal.RequestScope.runInScope(RequestScope.java:266)
	at org.glassfish.jersey.server.ServerRuntime.process(ServerRuntime.java:253)
	at org.glassfish.jersey.server.ApplicationHandler.handle(ApplicationHandler.java:696)
	at org.glassfish.jersey.grizzly2.httpserver.GrizzlyHttpContainer.service(GrizzlyHttpContainer.java:367)
	at org.glassfish.grizzly.http.server.HttpHandler$1.run(HttpHandler.java:190)
	at org.glassfish.grizzly.threadpool.AbstractThreadPool$Worker.doWork(AbstractThreadPool.java:535)
	at org.glassfish.grizzly.threadpool.AbstractThreadPool$Worker.run(AbstractThreadPool.java:515)
	at java.base/java.lang.Thread.run(Thread.java:833)
Caused by: oracle.net.ns.NetException: ORA-12541: Não é possível estabelecer conexão. Não há listener em host fiap.com.br port 1521. (CONNECTION_ID=6z6bKXOTQ4WNLOhwYIAIPg==)
https://docs.oracle.com/error-help/db/ora-12541/
	at oracle.net.nt.TcpNTAdapter.handleEstablishSocketException(TcpNTAdapter.java:414)
	at oracle.net.nt.TcpNTAdapter.establishSocket(TcpNTAdapter.java:346)
	at oracle.net.nt.TcpNTAdapter.connect(TcpNTAdapter.java:224)
	at oracle.net.nt.ConnOption.connect(ConnOption.java:332)
	at oracle.net.nt.ConnStrategy.executeConnOption(ConnStrategy.java:1222)
	at oracle.net.nt.ConnStrategy.execute(ConnStrategy.java:761)
	at oracle.net.resolver.AddrResolution.resolveAndExecute(AddrResolution.java:711)
	at oracle.net.ns.NSProtocol.establishConnection(NSProtocol.java:959)
	at oracle.net.ns.NSProtocol.connect(NSProtocol.java:328)
	at oracle.jdbc.driver.T4CConnection.connectNetworkSessionProtocol(T4CConnection.java:3419)
	at oracle.jdbc.driver.T4CConnection.logon(T4CConnection.java:1018)
	... 36 more
Caused by: java.net.ConnectException: Connection timed out: no further information
	at java.base/sun.nio.ch.Net.pollConnect(Native Method)
	at java.base/sun.nio.ch.Net.pollConnectNow(Net.java:672)
	at java.base/sun.nio.ch.SocketChannelImpl.finishTimedConnect(SocketChannelImpl.java:1148)
	at java.base/sun.nio.ch.SocketChannelImpl.blockingConnect(SocketChannelImpl.java:1183)
	at java.base/sun.nio.ch.SocketAdaptor.connect(SocketAdaptor.java:100)
	at oracle.net.nt.TimeoutSocketChannel.doConnect(TimeoutSocketChannel.java:288)
	at oracle.net.nt.TimeoutSocketChannel.initializeSocketChannel(TimeoutSocketChannel.java:268)
	at oracle.net.nt.TimeoutSocketChannel.connect(TimeoutSocketChannel.java:235)
	at oracle.net.nt.TimeoutSocketChannel.<init>(TimeoutSocketChannel.java:202)
	at oracle.net.nt.TcpNTAdapter.establishSocket(TcpNTAdapter.java:335)
	... 45 more
nov. 14, 2024 4:49:53 PM org.glassfish.grizzly.http.server.NetworkListener shutdownNow
INFORMAÇÕES: Stopped listener bound to [localhost:8080]
]]></system-err>
  </testcase>
</testsuite>